<?xml version="1.0" encoding="UTF-8"?>
<!-- Generated by org.testng.reporters.JUnitReportReporter -->
<testsuite hostname="IN1-1019286LT" name="testcases.LogTest" tests="1" failures="0" timestamp="8 Sep 2020 17:25:17 GMT" time="0.023" errors="0">
  <testcase name="testingLogs" time="0.023" classname="testcases.LogTest"/>
</testsuite> <!-- testcases.LogTest -->
