<?xml version="1.0" encoding="UTF-8"?>
<!-- Generated by org.testng.reporters.JUnitReportReporter -->
<testsuite hostname="IN1-1019286LT" name="testcases.Testcase04" tests="3" failures="0" timestamp="10 Sep 2020 04:18:06 GMT" time="90.228" errors="0">
  <testcase name="Validate_LoginAnLogout" time="31.938" classname="testcases.Testcase04"/>
  <testcase name="testing" time="27.873" classname="testcases.Testcase04"/>
  <testcase name="Valiate_Login" time="30.417" classname="testcases.Testcase04"/>
</testsuite> <!-- testcases.Testcase04 -->
