<?xml version="1.0" encoding="UTF-8"?>
<!-- Generated by org.testng.reporters.JUnitReportReporter -->
<testsuite skipped="0" hostname="Santosh-PC" name="testcases.Login" tests="1" failures="0" timestamp="01 Sep 2020 02:52:34 GMT" time="0.190" errors="0">
  <testcase name="LoginTest" time="0.190" classname="testcases.Login"/>
</testsuite> <!-- testcases.Login -->
