<?xml version="1.0" encoding="UTF-8"?>
<!-- Generated by org.testng.reporters.JUnitReportReporter -->
<testsuite hostname="IN1-1019286LT" name="testcases.Testcase03" tests="2" failures="0" timestamp="9 Sep 2020 04:11:59 GMT" time="55.873" errors="0">
  <testcase name="Validate_LoginAnLogout" time="30.549" classname="testcases.Testcase03"/>
  <testcase name="Valiate_Login" time="25.324" classname="testcases.Testcase03"/>
</testsuite> <!-- testcases.Testcase03 -->
