<?xml version="1.0" encoding="UTF-8"?>
<!-- Generated by org.testng.reporters.JUnitReportReporter -->
<testsuite hostname="IN1-1019286LT" name="testcases.Testcase01" tests="3" failures="0" timestamp="8 Sep 2020 03:44:20 GMT" time="55.508" errors="0">
  <testcase name="Validate_contactUsPage" time="15.994" classname="testcases.Testcase01"/>
  <testcase name="Validate_CreateAccount" time="24.386" classname="testcases.Testcase01"/>
  <testcase name="Validate_HomePage" time="15.128" classname="testcases.Testcase01"/>
</testsuite> <!-- testcases.Testcase01 -->
