<?xml version="1.0" encoding="UTF-8"?>
<!-- Generated by org.testng.reporters.JUnitReportReporter -->
<testsuite skipped="0" hostname="Santosh-PC" name="testcases.TestReports" tests="2" failures="0" timestamp="02 Sep 2020 10:20:24 GMT" time="1.389" errors="0">
  <testcase name="test1" time="0.254" classname="testcases.TestReports"/>
  <testcase name="test2" time="1.135" classname="testcases.TestReports"/>
</testsuite> <!-- testcases.TestReports -->
